<?xml version="1.0" encoding="UTF-8"?>
<testng-results total="1" passed="1" failed="0" skipped="0">
  <reporter-output>
  </reporter-output>
  <suite started-at="2022-08-23T10:54:43Z" name="Command line suite" finished-at="2022-08-23T10:54:46Z" duration-ms="3498">
    <groups>
    </groups>
    <test started-at="2022-08-23T10:54:43Z" name="Command line test" finished-at="2022-08-23T10:54:46Z" duration-ms="3498">
      <class name="example.NewTest">
        <test-method is-config="true" signature="beforeTest()[pri:0, instance:example.NewTest@26653222]" started-at="2022-08-23T17:54:43Z" name="beforeTest" finished-at="2022-08-23T17:54:45Z" duration-ms="1831" status="PASS">
          <reporter-output>
          </reporter-output>
        </test-method> <!-- beforeTest -->
        <test-method signature="testEasy()[pri:0, instance:example.NewTest@26653222]" started-at="2022-08-23T17:54:45Z" name="testEasy" finished-at="2022-08-23T17:54:46Z" duration-ms="932" status="PASS">
          <reporter-output>
          </reporter-output>
        </test-method> <!-- testEasy -->
        <test-method is-config="true" signature="afterTest()[pri:0, instance:example.NewTest@26653222]" started-at="2022-08-23T17:54:46Z" name="afterTest" finished-at="2022-08-23T17:54:46Z" duration-ms="724" status="PASS">
          <reporter-output>
          </reporter-output>
        </test-method> <!-- afterTest -->
      </class> <!-- example.NewTest -->
    </test> <!-- Command line test -->
  </suite> <!-- Command line suite -->
</testng-results>
