<?xml version="1.0" encoding="UTF-8"?>
<testng-results total="1" passed="1" failed="0" skipped="0">
  <reporter-output>
  </reporter-output>
  <suite started-at="2022-08-21T10:28:26Z" name="Default suite" finished-at="2022-08-21T10:28:32Z" duration-ms="6533">
    <groups>
    </groups>
    <test started-at="2022-08-21T10:28:26Z" name="Default test" finished-at="2022-08-21T10:28:32Z" duration-ms="6533">
      <class name="example.NewTest">
        <test-method is-config="true" signature="beforeTest()[pri:0, instance:example.NewTest@4dc27487]" started-at="2022-08-21T17:28:26Z" name="beforeTest" finished-at="2022-08-21T17:28:27Z" duration-ms="1401" status="PASS">
          <reporter-output>
          </reporter-output>
        </test-method> <!-- beforeTest -->
        <test-method signature="testEasy()[pri:0, instance:example.NewTest@4dc27487]" started-at="2022-08-21T17:28:27Z" name="testEasy" finished-at="2022-08-21T17:28:32Z" duration-ms="4521" status="PASS">
          <reporter-output>
          </reporter-output>
        </test-method> <!-- testEasy -->
        <test-method is-config="true" signature="afterTest()[pri:0, instance:example.NewTest@4dc27487]" started-at="2022-08-21T17:28:32Z" name="afterTest" finished-at="2022-08-21T17:28:32Z" duration-ms="596" status="PASS">
          <reporter-output>
          </reporter-output>
        </test-method> <!-- afterTest -->
      </class> <!-- example.NewTest -->
    </test> <!-- Default test -->
  </suite> <!-- Default suite -->
</testng-results>
